<?xml version="1.0" encoding="UTF-8"?>
<testng-results skipped="0" failed="0" total="1" passed="1">
  <reporter-output>
  </reporter-output>
  <suite name="sample suite" duration-ms="512530" started-at="2020-03-10T08:28:03Z" finished-at="2020-03-10T08:36:36Z">
    <groups>
    </groups>
    <test name="test case name" duration-ms="512530" started-at="2020-03-10T08:28:03Z" finished-at="2020-03-10T08:36:36Z">
      <class name="framework1.bb1">
        <test-method status="PASS" signature="fr()[pri:1, instance:framework1.bb1@29774679]" name="fr" duration-ms="512447" started-at="2020-03-10T13:58:03Z" finished-at="2020-03-10T14:06:36Z">
          <reporter-output>
          </reporter-output>
        </test-method> <!-- fr -->
      </class> <!-- framework1.bb1 -->
    </test> <!-- test case name -->
  </suite> <!-- sample suite -->
</testng-results>
